<?xml version="1.0" encoding="UTF-8"?>
<robot generator="Robot 3.2.1 (Python 3.8.3 on win32)" generated="20200731 14:14:31.424" rpa="false">
<suite id="s1" name="Custom" source="C:\Users\phongpaktao\Documents\toy-are-not-us-workshop\tests\e2e\custom.robot">
<test id="s1-t1" name="ซื้อ Scrabble">
<kw name="เปิดChromeเข้าwebsite" library="custom-keywords" type="setup">
<kw name="Open Browser" library="SeleniumLibrary">
<doc>Opens a new browser instance to the optional ``url``.</doc>
<arguments>
<arg>${URL}</arg>
<arg>Chrome</arg>
</arguments>
<msg timestamp="20200731 14:14:31.698" level="INFO">Opening browser 'Chrome' to base url 'http://localhost:4200/search'.</msg>
<status status="PASS" starttime="20200731 14:14:31.698" endtime="20200731 14:14:36.902"></status>
</kw>
<status status="PASS" starttime="20200731 14:14:31.697" endtime="20200731 14:14:36.902"></status>
</kw>
<kw name="ค้นหาและเลือกของ" library="custom-keywords">
<arguments>
<arg>16</arg>
<arg>Scrabble</arg>
<arg>over8</arg>
<arg>Neutral</arg>
</arguments>
<kw name="Wait Until Page Contains" library="SeleniumLibrary">
<doc>Waits until ``text`` appears on the current page.</doc>
<arguments>
<arg>Search Toy</arg>
</arguments>
<status status="PASS" starttime="20200731 14:14:36.905" endtime="20200731 14:14:36.965"></status>
</kw>
<kw name="Select From List By Value" library="SeleniumLibrary">
<doc>Selects options from selection list ``locator`` by ``values``.</doc>
<arguments>
<arg>age</arg>
<arg>${AGE}</arg>
</arguments>
<msg timestamp="20200731 14:14:36.966" level="INFO">Selecting options from selection list 'age' by value over8.</msg>
<status status="PASS" starttime="20200731 14:14:36.965" endtime="20200731 14:14:37.207"></status>
</kw>
<kw name="Select From List By Value" library="SeleniumLibrary">
<doc>Selects options from selection list ``locator`` by ``values``.</doc>
<arguments>
<arg>gender</arg>
<arg>${GENDER}</arg>
</arguments>
<msg timestamp="20200731 14:14:37.208" level="INFO">Selecting options from selection list 'gender' by value Neutral.</msg>
<status status="PASS" starttime="20200731 14:14:37.207" endtime="20200731 14:14:37.445"></status>
</kw>
<kw name="Wait Until Page Contains" library="SeleniumLibrary">
<doc>Waits until ``text`` appears on the current page.</doc>
<arguments>
<arg>${NAME}</arg>
</arguments>
<status status="PASS" starttime="20200731 14:14:37.445" endtime="20200731 14:14:37.748"></status>
</kw>
<kw name="Click Element" library="SeleniumLibrary">
<doc>Click the element identified by ``locator``.</doc>
<arguments>
<arg>${ID}</arg>
</arguments>
<msg timestamp="20200731 14:14:37.748" level="INFO">Clicking element '16'.</msg>
<status status="PASS" starttime="20200731 14:14:37.748" endtime="20200731 14:14:37.938"></status>
</kw>
<kw name="Sleep" library="BuiltIn">
<doc>Pauses the test executed for the given time.</doc>
<arguments>
<arg>3</arg>
</arguments>
<msg timestamp="20200731 14:14:40.939" level="INFO">Slept 3 seconds</msg>
<status status="PASS" starttime="20200731 14:14:37.939" endtime="20200731 14:14:40.939"></status>
</kw>
<status status="PASS" starttime="20200731 14:14:36.904" endtime="20200731 14:14:40.940"></status>
</kw>
<kw name="เช็ครายละเอียดของสินค้าและเพิ่มเข้า Shopping cart" library="custom-keywords">
<arguments>
<arg>GeekToys</arg>
<arg>Neutral</arg>
<arg>over8</arg>
<arg>19.95</arg>
<arg>Available</arg>
<arg>1</arg>
</arguments>
<kw name="Element Should Contain" library="SeleniumLibrary">
<doc>Verifies that element ``locator`` contains text ``expected``.</doc>
<arguments>
<arg>product_brand</arg>
<arg>${NAME}</arg>
</arguments>
<msg timestamp="20200731 14:14:41.021" level="INFO">Element 'product_brand' contains text 'GeekToys'.</msg>
<status status="PASS" starttime="20200731 14:14:40.942" endtime="20200731 14:14:41.021"></status>
</kw>
<kw name="Element Should Contain" library="SeleniumLibrary">
<doc>Verifies that element ``locator`` contains text ``expected``.</doc>
<arguments>
<arg>gender</arg>
<arg>${GENDER}</arg>
</arguments>
<msg timestamp="20200731 14:14:41.082" level="INFO">Element 'gender' contains text 'Neutral'.</msg>
<status status="PASS" starttime="20200731 14:14:41.021" endtime="20200731 14:14:41.082"></status>
</kw>
<kw name="Element Should Contain" library="SeleniumLibrary">
<doc>Verifies that element ``locator`` contains text ``expected``.</doc>
<arguments>
<arg>age</arg>
<arg>${AGE}</arg>
</arguments>
<msg timestamp="20200731 14:14:41.142" level="INFO">Element 'age' contains text 'over8'.</msg>
<status status="PASS" starttime="20200731 14:14:41.082" endtime="20200731 14:14:41.142"></status>
</kw>
<kw name="Element Should Contain" library="SeleniumLibrary">
<doc>Verifies that element ``locator`` contains text ``expected``.</doc>
<arguments>
<arg>product_price</arg>
<arg>${PRICE}</arg>
</arguments>
<msg timestamp="20200731 14:14:41.201" level="INFO">Element 'product_price' contains text '19.95'.</msg>
<status status="PASS" starttime="20200731 14:14:41.142" endtime="20200731 14:14:41.201"></status>
</kw>
<kw name="Element Should Contain" library="SeleniumLibrary">
<doc>Verifies that element ``locator`` contains text ``expected``.</doc>
<arguments>
<arg>stock</arg>
<arg>${STOCK}</arg>
</arguments>
<msg timestamp="20200731 14:14:41.258" level="INFO">Element 'stock' contains text 'Available'.</msg>
<status status="PASS" starttime="20200731 14:14:41.202" endtime="20200731 14:14:41.258"></status>
</kw>
<kw name="Select From List By Value" library="SeleniumLibrary">
<doc>Selects options from selection list ``locator`` by ``values``.</doc>
<arguments>
<arg>quantity</arg>
<arg>${QUANTITY}</arg>
</arguments>
<msg timestamp="20200731 14:14:41.258" level="INFO">Selecting options from selection list 'quantity' by value 1.</msg>
<status status="PASS" starttime="20200731 14:14:41.258" endtime="20200731 14:14:41.352"></status>
</kw>
<kw name="Click Button" library="SeleniumLibrary">
<doc>Clicks the button identified by ``locator``.</doc>
<arguments>
<arg>id:add_button</arg>
</arguments>
<msg timestamp="20200731 14:14:41.353" level="INFO">Clicking button 'id:add_button'.</msg>
<status status="PASS" starttime="20200731 14:14:41.353" endtime="20200731 14:14:41.533"></status>
</kw>
<kw name="Sleep" library="BuiltIn">
<doc>Pauses the test executed for the given time.</doc>
<arguments>
<arg>3</arg>
</arguments>
<msg timestamp="20200731 14:14:44.534" level="INFO">Slept 3 seconds</msg>
<status status="PASS" starttime="20200731 14:14:41.533" endtime="20200731 14:14:44.534"></status>
</kw>
<status status="PASS" starttime="20200731 14:14:40.941" endtime="20200731 14:14:44.534"></status>
</kw>
<kw name="เช็คสินค้าใน Shopping cart และทำการ checkout" library="custom-keywords">
<arguments>
<arg>Line man</arg>
<arg>Subtotal (1 Items): 648.425 THB</arg>
<arg>Shipping Fee: 20 THB</arg>
</arguments>
<kw name="Wait Until Page Contains" library="SeleniumLibrary">
<doc>Waits until ``text`` appears on the current page.</doc>
<arguments>
<arg>Shopping Cart</arg>
</arguments>
<status status="PASS" starttime="20200731 14:14:44.536" endtime="20200731 14:14:44.577"></status>
</kw>
<kw name="Select From List By Label" library="SeleniumLibrary">
<doc>Selects options from selection list ``locator`` by ``labels``.</doc>
<arguments>
<arg>ship_name</arg>
<arg>${SHIPPING}</arg>
</arguments>
<msg timestamp="20200731 14:14:44.578" level="INFO">Selecting options from selection list 'ship_name' by label Line man.</msg>
<status status="PASS" starttime="20200731 14:14:44.577" endtime="20200731 14:14:44.761"></status>
</kw>
<kw name="Element Should Contain" library="SeleniumLibrary">
<doc>Verifies that element ``locator`` contains text ``expected``.</doc>
<arguments>
<arg>sub_total</arg>
<arg>${TOTAL}</arg>
</arguments>
<msg timestamp="20200731 14:14:44.839" level="INFO">Element 'sub_total' contains text 'Subtotal (1 Items): 648.425 THB'.</msg>
<status status="PASS" starttime="20200731 14:14:44.761" endtime="20200731 14:14:44.839"></status>
</kw>
<kw name="Element Should Contain" library="SeleniumLibrary">
<doc>Verifies that element ``locator`` contains text ``expected``.</doc>
<arguments>
<arg>ship_fee</arg>
<arg>${SHIPPING_FEE}</arg>
</arguments>
<msg timestamp="20200731 14:14:44.910" level="INFO">Element 'ship_fee' contains text 'Shipping Fee: 20 THB'.</msg>
<status status="PASS" starttime="20200731 14:14:44.840" endtime="20200731 14:14:44.910"></status>
</kw>
<kw name="Click Button" library="SeleniumLibrary">
<doc>Clicks the button identified by ``locator``.</doc>
<arguments>
<arg>id:submit</arg>
</arguments>
<msg timestamp="20200731 14:14:44.911" level="INFO">Clicking button 'id:submit'.</msg>
<status status="PASS" starttime="20200731 14:14:44.911" endtime="20200731 14:14:45.179"></status>
</kw>
<kw name="Sleep" library="BuiltIn">
<doc>Pauses the test executed for the given time.</doc>
<arguments>
<arg>3</arg>
</arguments>
<msg timestamp="20200731 14:14:48.180" level="INFO">Slept 3 seconds</msg>
<status status="PASS" starttime="20200731 14:14:45.179" endtime="20200731 14:14:48.180"></status>
</kw>
<status status="PASS" starttime="20200731 14:14:44.535" endtime="20200731 14:14:48.180"></status>
</kw>
<kw name="เลือกที่อยู่สำหรับจัดส่งสินค้า" library="custom-keywords">
<arguments>
<arg>Supachai Uthawisan</arg>
<arg>991/1 ถนนพระราม 1 แขวงปทุมวัน เขตปทุมวัน</arg>
<arg>กรุงเทพมหานคร</arg>
<arg>กรุงเทพมหานคร</arg>
<arg>10330</arg>
</arguments>
<kw name="Wait Until Page Contains" library="SeleniumLibrary">
<doc>Waits until ``text`` appears on the current page.</doc>
<arguments>
<arg>Shipping Address</arg>
</arguments>
<status status="PASS" starttime="20200731 14:14:48.182" endtime="20200731 14:14:48.212"></status>
</kw>
<kw name="Input Text" library="SeleniumLibrary">
<doc>Types the given ``text`` into the text field identified by ``locator``.</doc>
<arguments>
<arg>full_name</arg>
<arg>${FULL_NAME}</arg>
</arguments>
<msg timestamp="20200731 14:14:48.213" level="INFO">Typing text 'Supachai Uthawisan' into text field 'full_name'.</msg>
<status status="PASS" starttime="20200731 14:14:48.213" endtime="20200731 14:14:48.480"></status>
</kw>
<kw name="Input Text" library="SeleniumLibrary">
<doc>Types the given ``text`` into the text field identified by ``locator``.</doc>
<arguments>
<arg>address_1</arg>
<arg>${ADDRESS_1}</arg>
</arguments>
<msg timestamp="20200731 14:14:48.481" level="INFO">Typing text '991/1 ถนนพระราม 1 แขวงปทุมวัน เขตปทุมวัน' into text field 'address_1'.</msg>
<status status="PASS" starttime="20200731 14:14:48.480" endtime="20200731 14:14:48.830"></status>
</kw>
<kw name="Input Text" library="SeleniumLibrary">
<doc>Types the given ``text`` into the text field identified by ``locator``.</doc>
<arguments>
<arg>city</arg>
<arg>${CITY}</arg>
</arguments>
<msg timestamp="20200731 14:14:48.830" level="INFO">Typing text 'กรุงเทพมหานคร' into text field 'city'.</msg>
<status status="PASS" starttime="20200731 14:14:48.830" endtime="20200731 14:14:49.080"></status>
</kw>
<kw name="Input Text" library="SeleniumLibrary">
<doc>Types the given ``text`` into the text field identified by ``locator``.</doc>
<arguments>
<arg>province</arg>
<arg>${PROVINCE}</arg>
</arguments>
<msg timestamp="20200731 14:14:49.080" level="INFO">Typing text 'กรุงเทพมหานคร' into text field 'province'.</msg>
<status status="PASS" starttime="20200731 14:14:49.080" endtime="20200731 14:14:49.336"></status>
</kw>
<kw name="Input Text" library="SeleniumLibrary">
<doc>Types the given ``text`` into the text field identified by ``locator``.</doc>
<arguments>
<arg>post_code</arg>
<arg>${POST_CODE}</arg>
</arguments>
<msg timestamp="20200731 14:14:49.336" level="INFO">Typing text '10330' into text field 'post_code'.</msg>
<status status="PASS" starttime="20200731 14:14:49.336" endtime="20200731 14:14:49.580"></status>
</kw>
<kw name="Click Button" library="SeleniumLibrary">
<doc>Clicks the button identified by ``locator``.</doc>
<arguments>
<arg>id:deliver_address</arg>
</arguments>
<msg timestamp="20200731 14:14:49.581" level="INFO">Clicking button 'id:deliver_address'.</msg>
<status status="PASS" starttime="20200731 14:14:49.580" endtime="20200731 14:14:49.789"></status>
</kw>
<kw name="Sleep" library="BuiltIn">
<doc>Pauses the test executed for the given time.</doc>
<arguments>
<arg>3</arg>
</arguments>
<msg timestamp="20200731 14:14:52.789" level="INFO">Slept 3 seconds</msg>
<status status="PASS" starttime="20200731 14:14:49.789" endtime="20200731 14:14:52.789"></status>
</kw>
<status status="PASS" starttime="20200731 14:14:48.181" endtime="20200731 14:14:52.789"></status>
</kw>
<kw name="เลือกรูปแบบการชำระเงินเป็น Debit" library="custom-keywords">
<arguments>
<arg>Scrabble</arg>
<arg>628.425</arg>
<arg>Order total: 648.425</arg>
</arguments>
<kw name="Wait Until Page Contains" library="SeleniumLibrary">
<doc>Waits until ``text`` appears on the current page.</doc>
<arguments>
<arg>Payment Methods</arg>
</arguments>
<status status="PASS" starttime="20200731 14:14:52.790" endtime="20200731 14:14:52.819"></status>
</kw>
<kw name="Element Should Contain" library="SeleniumLibrary">
<doc>Verifies that element ``locator`` contains text ``expected``.</doc>
<arguments>
<arg>name</arg>
<arg>${NAME}</arg>
</arguments>
<msg timestamp="20200731 14:14:52.879" level="INFO">Element 'name' contains text 'Scrabble'.</msg>
<status status="PASS" starttime="20200731 14:14:52.819" endtime="20200731 14:14:52.880"></status>
</kw>
<kw name="Element Should Contain" library="SeleniumLibrary">
<doc>Verifies that element ``locator`` contains text ``expected``.</doc>
<arguments>
<arg>price</arg>
<arg>${PRICE}</arg>
</arguments>
<msg timestamp="20200731 14:14:52.933" level="INFO">Element 'price' contains text '628.425'.</msg>
<status status="PASS" starttime="20200731 14:14:52.880" endtime="20200731 14:14:52.933"></status>
</kw>
<kw name="Element Should Contain" library="SeleniumLibrary">
<doc>Verifies that element ``locator`` contains text ``expected``.</doc>
<arguments>
<arg>order_total</arg>
<arg>${TOTAL}</arg>
</arguments>
<msg timestamp="20200731 14:14:52.989" level="INFO">Element 'order_total' contains text 'Order total: 648.425'.</msg>
<status status="PASS" starttime="20200731 14:14:52.933" endtime="20200731 14:14:52.989"></status>
</kw>
<kw name="Click Button" library="SeleniumLibrary">
<doc>Clicks the button identified by ``locator``.</doc>
<arguments>
<arg>payment_methods_debit</arg>
</arguments>
<msg timestamp="20200731 14:14:52.989" level="INFO">Clicking button 'payment_methods_debit'.</msg>
<status status="PASS" starttime="20200731 14:14:52.989" endtime="20200731 14:14:53.130"></status>
</kw>
<kw name="Click Button" library="SeleniumLibrary">
<doc>Clicks the button identified by ``locator``.</doc>
<arguments>
<arg>bank_tmb</arg>
</arguments>
<msg timestamp="20200731 14:14:53.130" level="INFO">Clicking button 'bank_tmb'.</msg>
<status status="PASS" starttime="20200731 14:14:53.130" endtime="20200731 14:14:53.259"></status>
</kw>
<kw name="Click Button" library="SeleniumLibrary">
<doc>Clicks the button identified by ``locator``.</doc>
<arguments>
<arg>place_your_order</arg>
</arguments>
<msg timestamp="20200731 14:14:53.260" level="INFO">Clicking button 'place_your_order'.</msg>
<status status="PASS" starttime="20200731 14:14:53.260" endtime="20200731 14:14:53.430"></status>
</kw>
<kw name="Sleep" library="BuiltIn">
<doc>Pauses the test executed for the given time.</doc>
<arguments>
<arg>3</arg>
</arguments>
<msg timestamp="20200731 14:14:56.432" level="INFO">Slept 3 seconds</msg>
<status status="PASS" starttime="20200731 14:14:53.431" endtime="20200731 14:14:56.432"></status>
</kw>
<status status="PASS" starttime="20200731 14:14:52.790" endtime="20200731 14:14:56.432"></status>
</kw>
<kw name="แสดงรายละเอียดคำสั่งซื้อทั้งหมด" library="custom-keywords">
<arguments>
<arg>Scrabble</arg>
<arg>628.425</arg>
<arg>Line man</arg>
<arg>1</arg>
<arg>20.00</arg>
<arg>628.425</arg>
</arguments>
<kw name="Wait Until Page Contains" library="SeleniumLibrary">
<doc>Waits until ``text`` appears on the current page.</doc>
<arguments>
<arg>Thanks you</arg>
</arguments>
<status status="PASS" starttime="20200731 14:14:56.434" endtime="20200731 14:14:56.464"></status>
</kw>
<kw name="Element Should Be Visible" library="SeleniumLibrary">
<doc>Verifies that the element identified by ``locator`` is visible.</doc>
<arguments>
<arg>order_id</arg>
</arguments>
<msg timestamp="20200731 14:14:56.520" level="INFO">Element 'order_id' is displayed.</msg>
<status status="PASS" starttime="20200731 14:14:56.464" endtime="20200731 14:14:56.520"></status>
</kw>
<kw name="Element Should Contain" library="SeleniumLibrary">
<doc>Verifies that element ``locator`` contains text ``expected``.</doc>
<arguments>
<arg>name</arg>
<arg>${NAME}</arg>
</arguments>
<msg timestamp="20200731 14:14:56.564" level="INFO">Element 'name' contains text 'Scrabble'.</msg>
<status status="PASS" starttime="20200731 14:14:56.520" endtime="20200731 14:14:56.564"></status>
</kw>
<kw name="Element Should Contain" library="SeleniumLibrary">
<doc>Verifies that element ``locator`` contains text ``expected``.</doc>
<arguments>
<arg>price</arg>
<arg>${PRICE}</arg>
</arguments>
<msg timestamp="20200731 14:14:56.602" level="INFO">Element 'price' contains text '628.425'.</msg>
<status status="PASS" starttime="20200731 14:14:56.564" endtime="20200731 14:14:56.602"></status>
</kw>
<kw name="Element Should Contain" library="SeleniumLibrary">
<doc>Verifies that element ``locator`` contains text ``expected``.</doc>
<arguments>
<arg>shipping_method</arg>
<arg>${SHIPPING}</arg>
</arguments>
<msg timestamp="20200731 14:14:56.661" level="INFO">Element 'shipping_method' contains text 'Line man'.</msg>
<status status="PASS" starttime="20200731 14:14:56.602" endtime="20200731 14:14:56.661"></status>
</kw>
<kw name="Element Should Contain" library="SeleniumLibrary">
<doc>Verifies that element ``locator`` contains text ``expected``.</doc>
<arguments>
<arg>total_amount</arg>
<arg>${QUANTITY}</arg>
</arguments>
<msg timestamp="20200731 14:14:56.714" level="INFO">Element 'total_amount' contains text '1'.</msg>
<status status="PASS" starttime="20200731 14:14:56.661" endtime="20200731 14:14:56.714"></status>
</kw>
<kw name="Element Should Contain" library="SeleniumLibrary">
<doc>Verifies that element ``locator`` contains text ``expected``.</doc>
<arguments>
<arg>total_price</arg>
<arg>${TOTAL}</arg>
</arguments>
<msg timestamp="20200731 14:14:56.772" level="INFO">Element 'total_price' contains text '628.425'.</msg>
<status status="PASS" starttime="20200731 14:14:56.714" endtime="20200731 14:14:56.772"></status>
</kw>
<kw name="Sleep" library="BuiltIn">
<doc>Pauses the test executed for the given time.</doc>
<arguments>
<arg>3</arg>
</arguments>
<msg timestamp="20200731 14:14:59.773" level="INFO">Slept 3 seconds</msg>
<status status="PASS" starttime="20200731 14:14:56.772" endtime="20200731 14:14:59.773"></status>
</kw>
<status status="PASS" starttime="20200731 14:14:56.433" endtime="20200731 14:14:59.773"></status>
</kw>
<kw name="ปิด Chrome" library="custom-keywords" type="teardown">
<kw name="Close Browser" library="SeleniumLibrary">
<doc>Closes the current browser.</doc>
<status status="PASS" starttime="20200731 14:14:59.774" endtime="20200731 14:15:02.052"></status>
</kw>
<status status="PASS" starttime="20200731 14:14:59.774" endtime="20200731 14:15:02.053"></status>
</kw>
<status status="PASS" starttime="20200731 14:14:31.696" endtime="20200731 14:15:02.055" critical="yes"></status>
</test>
<status status="PASS" starttime="20200731 14:14:31.428" endtime="20200731 14:15:02.055"></status>
</suite>
<statistics>
<total>
<stat pass="1" fail="0">Critical Tests</stat>
<stat pass="1" fail="0">All Tests</stat>
</total>
<tag>
</tag>
<suite>
<stat pass="1" fail="0" id="s1" name="Custom">Custom</stat>
</suite>
</statistics>
<errors>
</errors>
</robot>
